[master ecbb771] Modifications
 2 files changed, 0 insertions(+), 0 deletions(-)
Already up-to-date.
[master 5c8b901] Modifications
 2 files changed, 0 insertions(+), 0 deletions(-)
Already up-to-date.
[master b529186] Modifications
 3 files changed, 3 insertions(+)
 rewrite images/rdc.png (90%)
 rewrite images/rdc.xcf (77%)
Already up-to-date.
[master e821a34] Modifications
 4 files changed, 5 insertions(+)
Already up-to-date.
[master 7b10a67] Modifications
 3 files changed, 3 insertions(+)
Already up-to-date.
Already up-to-date.
[master a0ba0c8] Modifications
 3 files changed, 4 insertions(+)
Already up-to-date.
Already up-to-date.
Already up-to-date.
[master d0a5b2d] Modifications
 3 files changed, 5 insertions(+)
Already up-to-date.
[master 9c23895] Modifications
 3 files changed, 3 insertions(+)
 rewrite images/rdc.png (89%)
 rewrite images/rdc.xcf (80%)
Already up-to-date.
